********************************************************************************
DUPLICATOR-LITE PACKAGE-LOG: 24 August, 2023 5:31 am
NOTICE: Do NOT post to public sites or forums 
********************************************************************************
VERSION:	1.5.5.1
WORDPRESS:	6.3
PHP INFO:	8.2.4 | SAPI: apache2handler
SERVER:		Apache/2.4.56 (Win64) OpenSSL/1.1.1t PHP/8.2.4 
PHP TIME LIMIT: (0) no time limit imposed 
PHP MAX MEMORY: 4294967296 (512M default) 
MEMORY STACK: 54MB

********************************************************************************
DATABASE:
********************************************************************************
BUILD MODE:   MYSQLDUMP
MYSQLTIMEOUT: 5000
MYSQLDUMP:    Is Supported
SQL CREATED: 20230824_gnol_b1edbead9da9812e2013_20230824053041_database.sql
SQL FILE SIZE: 2.89MB (3035019)
SQL FILE TIME: 2023-08-24 05:31:54
SQL RUNTIME: 5.48 sec.

********************************************************************************
ARCHIVE (ZIP):
********************************************************************************
ARCHIVE DIR:  D:/Xampp/htdocs/wordpress
ARCHIVE FILE: 20230824_gnol_b1edbead9da9812e2013_20230824053041_archive.zip
FILTERS: *ON*
DIRS:
	D:/Xampp/htdocs/wordpress/wp-content/plugins/elementor/assets/js/packages
	D:/Xampp/htdocs/wordpress/wp-content/uploads/simply-static/temp-files
	D:/Xampp/htdocs/wordpress/wp-content/uploads/simply-static/temp-files/simply-static-1-1692853798/wp-content/plugins/elementor/assets/js/packages
FILES:
	not set
EXTS:  not set
----------------------------------------
COMPRESSING
SIZE:	147.84MB
STATS:	Dirs 1,203 | Files 6,444
SQL ADDED: 20230824_gnol_b1edbead9da9812e2013_20230824053041_database.sql
ZipArchive Object
(
    [lastId] => 7646
    [status] => 0
    [statusSys] => 0
    [numFiles] => 7647
    [filename] => D:\Xampp\htdocs\wordpress\wp-content\backups-dup-lite\tmp\20230824_gnol_b1edbead9da9812e2013_20230824053041_archive.zip
    [comment] => 
)

FILE ADDED TO ZIP: 7646
COMPRESSION RESULT: '1'
COMPRESSED SIZE: 51.29MB
ARCHIVE RUNTIME: 11.84 sec.
MEMORY STACK: 56MB
building installer
ARCHIVE CONSISTENCY TEST: PASS

********************************************************************************
INTEGRITY CHECKS:
********************************************************************************
SQL FILE: 2.89MB
INSTALLER FILE: 73.47KB
ARCHIVE FILE: 53.17MB 
EXPECTED FILE/DIRECTORY COUNT: 7,647
ACTUAL FILE/DIRECTORY COUNT: 7,646
ARCHIVE CONSISTENCY TEST: Pass

********************************************************************************
RECORD ID:[1]
TOTAL PROCESS RUNTIME: 18.72 sec.
PEAK PHP MEMORY USED: 58MB
DONE PROCESSING => 20230824_gnol 24 August, 2023 5:32 am

